<?xml version="1.0" encoding="UTF-8"?>
<!-- Generated by org.testng.reporters.JUnitReportReporter -->
<testsuite hostname="MININT-TB6DOMP" name="NewTest" tests="1" failures="0" timestamp="21 Feb 2019 13:56:10 GMT" time="0.010" errors="0">
  <testcase name="f" time="0.010" classname="NewTest"/>
</testsuite> <!-- NewTest -->
